<?xml version="1.0" encoding="UTF-8" ?>
<testsuite tests="14" failures="0" name="net.geeks.pa.SavingAccountTask.BankAccountPositiveCheck" time="0.006" errors="0" skipped="0">
  <properties>
[...]
</properties>
  <testcase classname="net.geeks.pa.SavingAccountTask.BankAccountPositiveCheck" name="rateOfInterestCheck[0 - balance = 0, rate of interest = 0]" time="0.005"/>
  <testcase classname="net.geeks.pa.SavingAccountTask.BankAccountPositiveCheck" name="balanceCheck[0 - balance = 0, rate of interest = 0]" time="0.001"/>
  <testcase classname="net.geeks.pa.SavingAccountTask.BankAccountPositiveCheck" name="rateOfInterestCheck[1 - balance = 1, rate of interest = 3]" time="0"/>
  <testcase classname="net.geeks.pa.SavingAccountTask.BankAccountPositiveCheck" name="balanceCheck[1 - balance = 1, rate of interest = 3]" time="0"/>
  <testcase classname="net.geeks.pa.SavingAccountTask.BankAccountPositiveCheck" name="rateOfInterestCheck[2 - balance = 100, rate of interest = 3]" time="0"/>
  <testcase classname="net.geeks.pa.SavingAccountTask.BankAccountPositiveCheck" name="balanceCheck[2 - balance = 100, rate of interest = 3]" time="0"/>
  <testcase classname="net.geeks.pa.SavingAccountTask.BankAccountPositiveCheck" name="rateOfInterestCheck[3 - balance = 101, rate of interest = 5]" time="0"/>
  <testcase classname="net.geeks.pa.SavingAccountTask.BankAccountPositiveCheck" name="balanceCheck[3 - balance = 101, rate of interest = 5]" time="0"/>
  <testcase classname="net.geeks.pa.SavingAccountTask.BankAccountPositiveCheck" name="rateOfInterestCheck[4 - balance = 1 000, rate of interest = 5]" time="0"/>
  <testcase classname="net.geeks.pa.SavingAccountTask.BankAccountPositiveCheck" name="balanceCheck[4 - balance = 1 000, rate of interest = 5]" time="0"/>
  <testcase classname="net.geeks.pa.SavingAccountTask.BankAccountPositiveCheck" name="rateOfInterestCheck[5 - balance = 1 001, rate of interest = 7]" time="0"/>
  <testcase classname="net.geeks.pa.SavingAccountTask.BankAccountPositiveCheck" name="balanceCheck[5 - balance = 1 001, rate of interest = 7]" time="0"/>
  <testcase classname="net.geeks.pa.SavingAccountTask.BankAccountPositiveCheck" name="rateOfInterestCheck[6 - balance = 1 000 000, rate of interest = 7]" time="0"/>
  <testcase classname="net.geeks.pa.SavingAccountTask.BankAccountPositiveCheck" name="balanceCheck[6 - balance = 1 000 000, rate of interest = 7]" time="0"/>
</testsuite>